<?xml version="1.0" encoding="UTF-8"?>
<testsuite xmlns:xsi="http://www.w3.org/2001/XMLSchema-instance" xsi:noNamespaceSchemaLocation="https://maven.apache.org/surefire/maven-surefire-plugin/xsd/surefire-test-report-3.0.xsd" version="3.0" name="com.lms.lecsrv.lecsrv.LecsrvApplicationTests" time="5.638" tests="1" errors="0" skipped="0" failures="0">
  <properties>
[...]
</properties>
  <testcase name="contextLoads" classname="com.lms.lecsrv.lecsrv.LecsrvApplicationTests" time="0.924">
    <system-out><![CDATA[19:31:56.901 [main] INFO org.springframework.test.context.support.AnnotationConfigContextLoaderUtils -- Could not detect default configuration classes for test class [com.lms.lecsrv.lecsrv.LecsrvApplicationTests]: LecsrvApplicationTests does not declare any static, non-private, non-final, nested classes annotated with @Configuration.
19:31:57.026 [main] INFO org.springframework.boot.test.context.SpringBootTestContextBootstrapper -- Found @SpringBootConfiguration com.lms.lecsrv.lecsrv.LecsrvApplication for test class com.lms.lecsrv.lecsrv.LecsrvApplicationTests
19:31:57.274 [main] INFO org.springframework.boot.devtools.restart.RestartApplicationListener -- Restart disabled due to context in which it is running

  .   ____          _            __ _ _
 /\\ / ___'_ __ _ _(_)_ __  __ _ \ \ \ \
( ( )\___ | '_ | '_| | '_ \/ _` | \ \ \ \
 \\/  ___)| |_)| | | | | || (_| |  ) ) ) )
  '  |____| .__|_| |_|_| |_\__, | / / / /
 =========|_|==============|___/=/_/_/_/
 :: Spring Boot ::                (v3.2.5)

2024-05-04T19:31:57.562+05:30  INFO 1060 --- [lecsrv] [           main] c.l.l.lecsrv.LecsrvApplicationTests      : Starting LecsrvApplicationTests using Java 17.0.10 with PID 1060 (started by nadun in C:\Users\nadun\Desktop\lms-microservice2\backend\lecturer-service)
2024-05-04T19:31:57.564+05:30  INFO 1060 --- [lecsrv] [           main] c.l.l.lecsrv.LecsrvApplicationTests      : No active profile set, falling back to 1 default profile: "default"
2024-05-04T19:31:58.256+05:30  INFO 1060 --- [lecsrv] [           main] .s.d.r.c.RepositoryConfigurationDelegate : Bootstrapping Spring Data MongoDB repositories in DEFAULT mode.
2024-05-04T19:31:58.313+05:30  INFO 1060 --- [lecsrv] [           main] .s.d.r.c.RepositoryConfigurationDelegate : Finished Spring Data repository scanning in 51 ms. Found 1 MongoDB repository interface.
2024-05-04T19:32:00.709+05:30  INFO 1060 --- [lecsrv] [           main] org.mongodb.driver.client                : MongoClient with metadata {"application": {"name": "LMS"}, "driver": {"name": "mongo-java-driver|sync|spring-boot", "version": "4.11.2"}, "os": {"type": "Windows", "name": "Windows 11", "architecture": "amd64", "version": "10.0"}, "platform": "Java/Oracle Corporation/17.0.10+11-LTS-240"} created with settings MongoClientSettings{readPreference=primary, writeConcern=WriteConcern{w=majority, wTimeout=null ms, journal=null}, retryWrites=true, retryReads=true, readConcern=ReadConcern{level=null}, credential=MongoCredential{mechanism=null, userName='admin', source='admin', password=<hidden>, mechanismProperties=<hidden>}, transportSettings=null, streamFactoryFactory=null, commandListeners=[], codecRegistry=ProvidersCodecRegistry{codecProviders=[ValueCodecProvider{}, BsonValueCodecProvider{}, DBRefCodecProvider{}, DBObjectCodecProvider{}, DocumentCodecProvider{}, CollectionCodecProvider{}, IterableCodecProvider{}, MapCodecProvider{}, GeoJsonCodecProvider{}, GridFSFileCodecProvider{}, Jsr310CodecProvider{}, JsonObjectCodecProvider{}, BsonCodecProvider{}, EnumCodecProvider{}, com.mongodb.client.model.mql.ExpressionCodecProvider@748ac6f3, com.mongodb.Jep395RecordCodecProvider@68f6e55d, com.mongodb.KotlinCodecProvider@6fff46bf]}, loggerSettings=LoggerSettings{maxDocumentLength=1000}, clusterSettings={hosts=[127.0.0.1:27017], srvHost=lms.mqm8lgp.mongodb.net, srvServiceName=mongodb, mode=MULTIPLE, requiredClusterType=REPLICA_SET, requiredReplicaSetName='atlas-wpp6dy-shard-0', serverSelector='null', clusterListeners='[]', serverSelectionTimeout='30000 ms', localThreshold='15 ms'}, socketSettings=SocketSettings{connectTimeoutMS=10000, readTimeoutMS=0, receiveBufferSize=0, proxySettings=ProxySettings{host=null, port=null, username=null, password=null}}, heartbeatSocketSettings=SocketSettings{connectTimeoutMS=10000, readTimeoutMS=10000, receiveBufferSize=0, proxySettings=ProxySettings{host=null, port=null, username=null, password=null}}, connectionPoolSettings=ConnectionPoolSettings{maxSize=100, minSize=0, maxWaitTimeMS=120000, maxConnectionLifeTimeMS=0, maxConnectionIdleTimeMS=0, maintenanceInitialDelayMS=0, maintenanceFrequencyMS=60000, connectionPoolListeners=[], maxConnecting=2}, serverSettings=ServerSettings{heartbeatFrequencyMS=10000, minHeartbeatFrequencyMS=500, serverListeners='[]', serverMonitorListeners='[]'}, sslSettings=SslSettings{enabled=true, invalidHostNameAllowed=false, context=null}, applicationName='LMS', compressorList=[], uuidRepresentation=JAVA_LEGACY, serverApi=null, autoEncryptionSettings=null, dnsClient=null, inetAddressResolver=null, contextProvider=null}
2024-05-04T19:32:00.859+05:30  INFO 1060 --- [lecsrv] [lgp.mongodb.net] org.mongodb.driver.cluster               : Adding discovered server ac-hbmbmdo-shard-00-01.mqm8lgp.mongodb.net:27017 to client view of cluster
2024-05-04T19:32:00.884+05:30  INFO 1060 --- [lecsrv] [lgp.mongodb.net] org.mongodb.driver.cluster               : Adding discovered server ac-hbmbmdo-shard-00-02.mqm8lgp.mongodb.net:27017 to client view of cluster
2024-05-04T19:32:00.886+05:30  INFO 1060 --- [lecsrv] [lgp.mongodb.net] org.mongodb.driver.cluster               : Adding discovered server ac-hbmbmdo-shard-00-00.mqm8lgp.mongodb.net:27017 to client view of cluster
2024-05-04T19:32:01.391+05:30  INFO 1060 --- [lecsrv] [           main] c.l.l.lecsrv.LecsrvApplicationTests      : Started LecsrvApplicationTests in 4.142 seconds (process running for 5.217)
2024-05-04T19:32:02.250+05:30  INFO 1060 --- [lecsrv] [ngodb.net:27017] org.mongodb.driver.cluster               : Monitor thread successfully connected to server with description ServerDescription{address=ac-hbmbmdo-shard-00-02.mqm8lgp.mongodb.net:27017, type=REPLICA_SET_PRIMARY, state=CONNECTED, ok=true, minWireVersion=0, maxWireVersion=21, maxDocumentSize=16777216, logicalSessionTimeoutMinutes=30, roundTripTimeNanos=390826000, setName='atlas-wpp6dy-shard-0', canonicalAddress=ac-hbmbmdo-shard-00-02.mqm8lgp.mongodb.net:27017, hosts=[ac-hbmbmdo-shard-00-00.mqm8lgp.mongodb.net:27017, ac-hbmbmdo-shard-00-01.mqm8lgp.mongodb.net:27017, ac-hbmbmdo-shard-00-02.mqm8lgp.mongodb.net:27017], passives=[], arbiters=[], primary='ac-hbmbmdo-shard-00-02.mqm8lgp.mongodb.net:27017', tagSet=TagSet{[Tag{name='availabilityZone', value='aps1-az2'}, Tag{name='diskState', value='READY'}, Tag{name='nodeType', value='ELECTABLE'}, Tag{name='provider', value='AWS'}, Tag{name='region', value='AP_SOUTH_1'}, Tag{name='workloadType', value='OPERATIONAL'}]}, electionId=7fffffff0000000000000005, setVersion=7, topologyVersion=TopologyVersion{processId=662ac74602b137db513373db, counter=6}, lastWriteDate=Sat May 04 19:32:05 IST 2024, lastUpdateTimeNanos=27677285225500}
2024-05-04T19:32:02.251+05:30  INFO 1060 --- [lecsrv] [ngodb.net:27017] org.mongodb.driver.cluster               : Monitor thread successfully connected to server with description ServerDescription{address=ac-hbmbmdo-shard-00-00.mqm8lgp.mongodb.net:27017, type=REPLICA_SET_SECONDARY, state=CONNECTED, ok=true, minWireVersion=0, maxWireVersion=21, maxDocumentSize=16777216, logicalSessionTimeoutMinutes=30, roundTripTimeNanos=396348300, setName='atlas-wpp6dy-shard-0', canonicalAddress=ac-hbmbmdo-shard-00-00.mqm8lgp.mongodb.net:27017, hosts=[ac-hbmbmdo-shard-00-00.mqm8lgp.mongodb.net:27017, ac-hbmbmdo-shard-00-01.mqm8lgp.mongodb.net:27017, ac-hbmbmdo-shard-00-02.mqm8lgp.mongodb.net:27017], passives=[], arbiters=[], primary='ac-hbmbmdo-shard-00-02.mqm8lgp.mongodb.net:27017', tagSet=TagSet{[Tag{name='availabilityZone', value='aps1-az1'}, Tag{name='diskState', value='READY'}, Tag{name='nodeType', value='ELECTABLE'}, Tag{name='provider', value='AWS'}, Tag{name='region', value='AP_SOUTH_1'}, Tag{name='workloadType', value='OPERATIONAL'}]}, electionId=null, setVersion=7, topologyVersion=TopologyVersion{processId=662ace841a22d0c1ae67f0a4, counter=4}, lastWriteDate=Sat May 04 19:32:05 IST 2024, lastUpdateTimeNanos=27677285225600}
2024-05-04T19:32:02.257+05:30  INFO 1060 --- [lecsrv] [ngodb.net:27017] org.mongodb.driver.cluster               : Discovered replica set primary ac-hbmbmdo-shard-00-02.mqm8lgp.mongodb.net:27017 with max election id 7fffffff0000000000000005 and max set version 7
]]></system-out>
  </testcase>
</testsuite>